[0m01:50:03.739635 [debug] [MainThread]: Sending event: {'category': 'dbt', 'action': 'invocation', 'label': 'start', 'context': [<snowplow_tracker.self_describing_json.SelfDescribingJson object at 0x0000024663DDC2F0>, <snowplow_tracker.self_describing_json.SelfDescribingJson object at 0x0000024663DDF0B0>, <snowplow_tracker.self_describing_json.SelfDescribingJson object at 0x0000024663DDC470>]}


============================== 01:50:03.742894 | 8c15ceed-ed92-45ec-8506-d062bcf1d4a7 ==============================
[0m01:50:03.742894 [info ] [MainThread]: Running with dbt=1.8.6
[0m01:50:03.742894 [debug] [MainThread]: running dbt with arguments {'printer_width': '80', 'indirect_selection': 'eager', 'log_cache_events': 'False', 'write_json': 'True', 'partial_parse': 'True', 'cache_selected_only': 'False', 'profiles_dir': 'C:\\Users\\augus\\.dbt', 'fail_fast': 'False', 'version_check': 'True', 'log_path': 'logs', 'warn_error': 'None', 'debug': 'False', 'use_colors': 'True', 'use_experimental_parser': 'False', 'empty': 'None', 'quiet': 'False', 'no_print': 'None', 'log_format': 'default', 'static_parser': 'True', 'invocation_command': 'dbt init my_dbt_project', 'warn_error_options': 'WarnErrorOptions(include=[], exclude=[])', 'target_path': 'None', 'introspect': 'True', 'send_anonymous_usage_stats': 'True'}
[0m01:50:03.762828 [debug] [MainThread]: Starter project path: C:\Users\augus\projects\dbt\dbt-training\env\Lib\site-packages\dbt\include\starter_project
[0m01:50:03.778986 [info ] [MainThread]: 
Your new dbt project "my_dbt_project" was created!

For more information on how to configure the profiles.yml file,
please consult the dbt documentation here:

  https://docs.getdbt.com/docs/configure-your-profile

One more thing:

Need help? Don't hesitate to reach out to us via GitHub issues or on Slack:

  https://community.getdbt.com/

Happy modeling!

[0m01:50:03.778986 [info ] [MainThread]: Setting up your profile.
[0m01:51:52.024003 [debug] [MainThread]: Spark adapter: Setting pyhive.hive logging to ERROR
[0m01:51:52.024003 [debug] [MainThread]: Spark adapter: Setting thrift.transport logging to ERROR
[0m01:51:52.024003 [debug] [MainThread]: Spark adapter: Setting thrift.protocol logging to ERROR
[0m01:55:36.656181 [info ] [MainThread]: Profile my_dbt_project written to C:\Users\augus\.dbt\profiles.yml using target's profile_template.yml and your supplied values. Run 'dbt debug' to validate the connection.
[0m01:55:36.664399 [debug] [MainThread]: Command `dbt init` succeeded at 01:55:36.664399 after 333.07 seconds
[0m01:55:36.664399 [debug] [MainThread]: Sending event: {'category': 'dbt', 'action': 'invocation', 'label': 'end', 'context': [<snowplow_tracker.self_describing_json.SelfDescribingJson object at 0x0000024664AC7BC0>, <snowplow_tracker.self_describing_json.SelfDescribingJson object at 0x000002467E887B00>, <snowplow_tracker.self_describing_json.SelfDescribingJson object at 0x000002467EC3E7E0>]}
[0m01:55:36.664399 [debug] [MainThread]: Flushing usage events
